# JRE version: Java(TM) SE Runtime Environment (17.0.10+11) (build 17.0.10+11-LTS-240)
# Java VM: Java HotSpot(TM) 64-Bit Server VM (17.0.10+11-LTS-240, mixed mode, sharing, tiered, compressed oops, compressed class ptrs, g1 gc, windows-amd64)
GC Precious Log:
 CPUs: 8 total, 8 available
 Memory: 6081M
 Large Page Support: Disabled
 NUMA Support: Disabled
 Compressed Oops: Enabled (32-bit)
 Heap Region Size: 1M
 Heap Min Capacity: 8M
 Heap Initial Capacity: 96M
 Heap Max Capacity: 2G
 Pre-touch: Disabled
 Parallel Workers: 8
 Concurrent Workers: 2
 Concurrent Refinement Workers: 8
 Periodic GC: Disabled
Heap:
 garbage-first heap   total 219136K, used 135493K [0x0000000080000000, 0x0000000100000000)
  region size 1024K, 26 young (26624K), 9 survivors (9216K)
 Metaspace       used 88438K, committed 89216K, reserved 557056K
  class space    used 12225K, committed 12608K, reserved 425984K
GC Heap History (20 events):
Event: 39.215 GC heap before
{Heap before GC invocations=37 (full 0):
 garbage-first heap   total 137216K, used 105831K [0x0000000080000000, 0x0000000100000000)
  region size 1024K, 32 young (32768K), 3 survivors (3072K)
 Metaspace       used 73891K, committed 74624K, reserved 491520K
  class space    used 10084K, committed 10432K, reserved 425984K
}
Event: 39.221 GC heap after
{Heap after GC invocations=38 (full 0):
 garbage-first heap   total 137216K, used 76958K [0x0000000080000000, 0x0000000100000000)
  region size 1024K, 4 young (4096K), 4 survivors (4096K)
 Metaspace       used 73891K, committed 74624K, reserved 491520K
  class space    used 10084K, committed 10432K, reserved 425984K
}
Event: 39.320 GC heap before
{Heap before GC invocations=38 (full 0):
 garbage-first heap   total 137216K, used 79006K [0x0000000080000000, 0x0000000100000000)
  region size 1024K, 6 young (6144K), 4 survivors (4096K)
 Metaspace       used 73893K, committed 74624K, reserved 491520K
  class space    used 10085K, committed 10432K, reserved 425984K
}
Event: 39.328 GC heap after
{Heap after GC invocations=39 (full 0):
 garbage-first heap   total 137216K, used 76980K [0x0000000080000000, 0x0000000100000000)
  region size 1024K, 1 young (1024K), 1 survivors (1024K)
 Metaspace       used 73893K, committed 74624K, reserved 491520K
  class space    used 10085K, committed 10432K, reserved 425984K
}
Event: 47.594 GC heap before
{Heap before GC invocations=39 (full 0):
 garbage-first heap   total 137216K, used 107700K [0x0000000080000000, 0x0000000100000000)
  region size 1024K, 31 young (31744K), 1 survivors (1024K)
 Metaspace       used 75062K, committed 75776K, reserved 557056K
  class space    used 10223K, committed 10560K, reserved 425984K
}
Event: 47.601 GC heap after
{Heap after GC invocations=40 (full 0):
 garbage-first heap   total 137216K, used 79822K [0x0000000080000000, 0x0000000100000000)
  region size 1024K, 4 young (4096K), 4 survivors (4096K)
 Metaspace       used 75062K, committed 75776K, reserved 557056K
  class space    used 10223K, committed 10560K, reserved 425984K
}
Event: 49.020 GC heap before
{Heap before GC invocations=41 (full 0):
 garbage-first heap   total 140288K, used 109518K [0x0000000080000000, 0x0000000100000000)
  region size 1024K, 33 young (33792K), 4 survivors (4096K)
 Metaspace       used 78713K, committed 79488K, reserved 557056K
  class space    used 10896K, committed 11264K, reserved 425984K
}
Event: 49.028 GC heap after
{Heap after GC invocations=42 (full 0):
 garbage-first heap   total 140288K, used 81403K [0x0000000080000000, 0x0000000100000000)
  region size 1024K, 2 young (2048K), 2 survivors (2048K)
 Metaspace       used 78713K, committed 79488K, reserved 557056K
  class space    used 10896K, committed 11264K, reserved 425984K
}
Event: 49.213 GC heap before
{Heap before GC invocations=42 (full 0):
 garbage-first heap   total 140288K, used 85499K [0x0000000080000000, 0x0000000100000000)
  region size 1024K, 6 young (6144K), 2 survivors (2048K)
 Metaspace       used 79240K, committed 80000K, reserved 557056K
  class space    used 10989K, committed 11328K, reserved 425984K
}
Event: 49.217 GC heap after
{Heap after GC invocations=43 (full 0):
 garbage-first heap   total 140288K, used 81554K [0x0000000080000000, 0x0000000100000000)
  region size 1024K, 1 young (1024K), 1 survivors (1024K)
 Metaspace       used 79240K, committed 80000K, reserved 557056K
  class space    used 10989K, committed 11328K, reserved 425984K
}
Event: 50.526 GC heap before
{Heap before GC invocations=43 (full 0):
 garbage-first heap   total 140288K, used 112274K [0x0000000080000000, 0x0000000100000000)
  region size 1024K, 32 young (32768K), 1 survivors (1024K)
 Metaspace       used 81103K, committed 81856K, reserved 557056K
  class space    used 11219K, committed 11584K, reserved 425984K
}
Event: 50.535 GC heap after
{Heap after GC invocations=44 (full 0):
 garbage-first heap   total 140288K, used 83564K [0x0000000080000000, 0x0000000100000000)
  region size 1024K, 3 young (3072K), 3 survivors (3072K)
 Metaspace       used 81103K, committed 81856K, reserved 557056K
  class space    used 11219K, committed 11584K, reserved 425984K
}
Event: 51.975 GC heap before
{Heap before GC invocations=45 (full 0):
 garbage-first heap   total 145408K, used 121452K [0x0000000080000000, 0x0000000100000000)
  region size 1024K, 32 young (32768K), 3 survivors (3072K)
 Metaspace       used 82878K, committed 83648K, reserved 557056K
  class space    used 11434K, committed 11776K, reserved 425984K
}
Event: 51.985 GC heap after
{Heap after GC invocations=46 (full 0):
 garbage-first heap   total 145408K, used 98697K [0x0000000080000000, 0x0000000100000000)
  region size 1024K, 4 young (4096K), 4 survivors (4096K)
 Metaspace       used 82878K, committed 83648K, reserved 557056K
  class space    used 11434K, committed 11776K, reserved 425984K
}
Event: 52.098 GC heap before
{Heap before GC invocations=46 (full 0):
 garbage-first heap   total 145408K, used 101769K [0x0000000080000000, 0x0000000100000000)
  region size 1024K, 7 young (7168K), 4 survivors (4096K)
 Metaspace       used 82943K, committed 83712K, reserved 557056K
  class space    used 11448K, committed 11840K, reserved 425984K
}
Event: 52.105 GC heap after
{Heap after GC invocations=47 (full 0):
 garbage-first heap   total 145408K, used 98941K [0x0000000080000000, 0x0000000100000000)
  region size 1024K, 1 young (1024K), 1 survivors (1024K)
 Metaspace       used 82943K, committed 83712K, reserved 557056K
  class space    used 11448K, committed 11840K, reserved 425984K
}
Event: 52.708 GC heap before
{Heap before GC invocations=47 (full 0):
 garbage-first heap   total 145408K, used 118397K [0x0000000080000000, 0x0000000100000000)
  region size 1024K, 20 young (20480K), 1 survivors (1024K)
 Metaspace       used 83988K, committed 84800K, reserved 557056K
  class space    used 11642K, committed 12032K, reserved 425984K
}
Event: 52.714 GC heap after
{Heap after GC invocations=48 (full 0):
 garbage-first heap   total 219136K, used 101537K [0x0000000080000000, 0x0000000100000000)
  region size 1024K, 3 young (3072K), 3 survivors (3072K)
 Metaspace       used 83988K, committed 84800K, reserved 557056K
  class space    used 11642K, committed 12032K, reserved 425984K
}
Event: 55.403 GC heap before
{Heap before GC invocations=48 (full 0):
 garbage-first heap   total 219136K, used 172193K [0x0000000080000000, 0x0000000100000000)
  region size 1024K, 66 young (67584K), 3 survivors (3072K)
 Metaspace       used 87086K, committed 87936K, reserved 557056K
  class space    used 12027K, committed 12416K, reserved 425984K
}
Event: 55.417 GC heap after
{Heap after GC invocations=49 (full 0):
 garbage-first heap   total 219136K, used 119109K [0x0000000080000000, 0x0000000100000000)
  region size 1024K, 9 young (9216K), 9 survivors (9216K)
 Metaspace       used 87086K, committed 87936K, reserved 557056K
  class space    used 12027K, committed 12416K, reserved 425984K
}

